npm error code ERESOLVE
npm error ERESOLVE could not resolve
npm error
npm error While resolving: react-native@0.81.5
npm error Found: @types/react@19.0.14
npm error node_modules/@types/react
npm error   peerOptional @types/react@"*" from @radix-ui/react-compose-refs@1.1.2
npm error   node_modules/@radix-ui/react-compose-refs
npm error     @radix-ui/react-compose-refs@"1.1.2" from @radix-ui/react-slot@1.2.0
npm error     node_modules/@radix-ui/react-slot
npm error       @radix-ui/react-slot@"1.2.0" from expo-router@6.0.23
npm error       node_modules/expo-router
npm error         peerOptional expo-router@"*" from @expo/cli@54.0.23
npm error         node_modules/expo/node_modules/@expo/cli
npm error         1 more (the root project)
npm error     @radix-ui/react-compose-refs@"1.1.2" from @radix-ui/react-collection@1.1.7
npm error     node_modules/expo-router/node_modules/@radix-ui/react-collection
npm error       @radix-ui/react-collection@"1.1.7" from @radix-ui/react-roving-focus@1.1.11
npm error       node_modules/expo-router/node_modules/@radix-ui/react-roving-focus
npm error         @radix-ui/react-roving-focus@"1.1.11" from @radix-ui/react-tabs@1.1.13
npm error         node_modules/expo-router/node_modules/@radix-ui/react-tabs
npm error     9 more (@radix-ui/react-slot, @radix-ui/react-presence, ...)
npm error   peerOptional @types/react@"*" from @radix-ui/react-context@1.1.2
npm error   node_modules/@radix-ui/react-context
npm error     @radix-ui/react-context@"1.1.2" from @radix-ui/react-collection@1.1.7
npm error     node_modules/expo-router/node_modules/@radix-ui/react-collection
npm error       @radix-ui/react-collection@"1.1.7" from @radix-ui/react-roving-focus@1.1.11
npm error       node_modules/expo-router/node_modules/@radix-ui/react-roving-focus
npm error         @radix-ui/react-roving-focus@"1.1.11" from @radix-ui/react-tabs@1.1.13
npm error         node_modules/expo-router/node_modules/@radix-ui/react-tabs
npm error     @radix-ui/react-context@"1.1.2" from @radix-ui/react-roving-focus@1.1.11
npm error     node_modules/expo-router/node_modules/@radix-ui/react-roving-focus
npm error       @radix-ui/react-roving-focus@"1.1.11" from @radix-ui/react-tabs@1.1.13
npm error       node_modules/expo-router/node_modules/@radix-ui/react-tabs
npm error         @radix-ui/react-tabs@"^1.1.12" from expo-router@6.0.23
npm error         node_modules/expo-router
npm error     2 more (@radix-ui/react-tabs, @radix-ui/react-dialog)
npm error   30 more (@radix-ui/react-direction, ...)
npm error
npm error Could not resolve dependency:
npm error peerOptional @types/react@"^19.1.0" from react-native@0.81.5
npm error node_modules/react-native
npm error   peerOptional react-native@"*" from @expo/devtools@0.1.8
npm error   node_modules/@expo/devtools
npm error     @expo/devtools@"0.1.8" from expo@54.0.33
npm error     node_modules/expo
npm error       peerOptional expo@"*" from @expo/metro-config@54.0.14
npm error       node_modules/@expo/metro-config
npm error       21 more (@expo/metro-runtime, @expo/prebuild-config, ...)
npm error   peer react-native@"*" from @expo/metro-runtime@6.1.2
npm error   node_modules/@expo/metro-runtime
npm error     peerOptional @expo/metro-runtime@"*" from expo@54.0.33
npm error     1 more (expo-router)
npm error   34 more (@expo/vector-icons, @react-navigation/bottom-tabs, ...)
npm error
npm error Conflicting peer dependency: @types/react@19.2.14
npm error node_modules/@types/react
npm error   peerOptional @types/react@"^19.1.0" from react-native@0.81.5
npm error   node_modules/react-native
npm error     peerOptional react-native@"*" from @expo/devtools@0.1.8
npm error     node_modules/@expo/devtools
npm error       @expo/devtools@"0.1.8" from expo@54.0.33
npm error       node_modules/expo
npm error         peerOptional expo@"*" from @expo/metro-config@54.0.14
npm error         node_modules/@expo/metro-config
npm error         21 more (@expo/metro-runtime, @expo/prebuild-config, ...)
npm error     peer react-native@"*" from @expo/metro-runtime@6.1.2
npm error     node_modules/@expo/metro-runtime
npm error       peerOptional @expo/metro-runtime@"*" from expo@54.0.33
npm error       1 more (expo-router)
npm error     34 more (@expo/vector-icons, @react-navigation/bottom-tabs, ...)
npm error
npm error Fix the upstream dependency conflict, or retry
npm error this command with --force or --legacy-peer-deps
npm error to accept an incorrect (and potentially broken) dependency resolution.
npm error
npm error
npm error For a full report see:
npm error C:\Users\DELL\AppData\Local\npm-cache\_logs\2026-02-17T06_14_34_418Z-eresolve-report.txt
npm error A complete log of this run can be found in: C:\Users\DELL\AppData\Local\npm-cache\_logs\2026-02-17T06_14_34_418Z-debug-0.log
